<?xml version="1.0" encoding="UTF-8"?>
<testng-results skipped="0" failed="0" ignored="0" total="4" passed="4">
  <reporter-output>
  </reporter-output>
  <suite name="Default suite" duration-ms="30146" started-at="2019-04-24T02:18:58Z" finished-at="2019-04-24T02:19:29Z">
    <groups>
    </groups>
    <test name="Default test" duration-ms="30146" started-at="2019-04-24T02:18:58Z" finished-at="2019-04-24T02:19:29Z">
      <class name="seleniumWebDriverProject.OnlineShoppingTest">
        <test-method status="PASS" signature="StartReportBeforeTest()[pri:0, instance:seleniumWebDriverProject.OnlineShoppingTest@4883b407]" name="StartReportBeforeTest" is-config="true" duration-ms="14843" started-at="2019-04-24T02:18:58Z" finished-at="2019-04-24T02:19:13Z">
          <reporter-output>
          </reporter-output>
        </test-method> <!-- StartReportBeforeTest -->
        <test-method status="PASS" signature="testRegistration()[pri:1, instance:seleniumWebDriverProject.OnlineShoppingTest@4883b407]" name="testRegistration" duration-ms="2313" started-at="2019-04-24T02:19:13Z" finished-at="2019-04-24T02:19:16Z">
          <reporter-output>
          </reporter-output>
        </test-method> <!-- testRegistration -->
        <test-method status="PASS" signature="getResultAfterMethod(org.testng.ITestResult)[pri:0, instance:seleniumWebDriverProject.OnlineShoppingTest@4883b407]" name="getResultAfterMethod" is-config="true" duration-ms="3" started-at="2019-04-24T02:19:16Z" finished-at="2019-04-24T02:19:16Z">
          <params>
            <param index="0">
              <value>
                <![CDATA[[TestResult name=testRegistration status=SUCCESS method=OnlineShoppingTest.testRegistration()[pri:1, instance:seleniumWebDriverProject.OnlineShoppingTest@4883b407] output={null}]]]>
              </value>
            </param>
          </params>
          <reporter-output>
          </reporter-output>
        </test-method> <!-- getResultAfterMethod -->
        <test-method status="PASS" signature="Login()[pri:2, instance:seleniumWebDriverProject.OnlineShoppingTest@4883b407]" name="Login" duration-ms="459" started-at="2019-04-24T02:19:16Z" finished-at="2019-04-24T02:19:16Z">
          <reporter-output>
          </reporter-output>
        </test-method> <!-- Login -->
        <test-method status="PASS" signature="getResultAfterMethod(org.testng.ITestResult)[pri:0, instance:seleniumWebDriverProject.OnlineShoppingTest@4883b407]" name="getResultAfterMethod" is-config="true" duration-ms="1" started-at="2019-04-24T02:19:16Z" finished-at="2019-04-24T02:19:16Z">
          <params>
            <param index="0">
              <value>
                <![CDATA[[TestResult name=Login status=SUCCESS method=OnlineShoppingTest.Login()[pri:2, instance:seleniumWebDriverProject.OnlineShoppingTest@4883b407] output={null}]]]>
              </value>
            </param>
          </params>
          <reporter-output>
          </reporter-output>
        </test-method> <!-- getResultAfterMethod -->
        <test-method status="PASS" signature="Cart()[pri:3, instance:seleniumWebDriverProject.OnlineShoppingTest@4883b407]" name="Cart" duration-ms="2068" started-at="2019-04-24T02:19:16Z" finished-at="2019-04-24T02:19:18Z">
          <reporter-output>
          </reporter-output>
        </test-method> <!-- Cart -->
        <test-method status="PASS" signature="getResultAfterMethod(org.testng.ITestResult)[pri:0, instance:seleniumWebDriverProject.OnlineShoppingTest@4883b407]" name="getResultAfterMethod" is-config="true" duration-ms="1" started-at="2019-04-24T02:19:18Z" finished-at="2019-04-24T02:19:18Z">
          <params>
            <param index="0">
              <value>
                <![CDATA[[TestResult name=Cart status=SUCCESS method=OnlineShoppingTest.Cart()[pri:3, instance:seleniumWebDriverProject.OnlineShoppingTest@4883b407] output={null}]]]>
              </value>
            </param>
          </params>
          <reporter-output>
          </reporter-output>
        </test-method> <!-- getResultAfterMethod -->
        <test-method status="PASS" signature="Payment()[pri:4, instance:seleniumWebDriverProject.OnlineShoppingTest@4883b407]" name="Payment" duration-ms="7580" started-at="2019-04-24T02:19:18Z" finished-at="2019-04-24T02:19:26Z">
          <reporter-output>
          </reporter-output>
        </test-method> <!-- Payment -->
        <test-method status="PASS" signature="getResultAfterMethod(org.testng.ITestResult)[pri:0, instance:seleniumWebDriverProject.OnlineShoppingTest@4883b407]" name="getResultAfterMethod" is-config="true" duration-ms="1" started-at="2019-04-24T02:19:26Z" finished-at="2019-04-24T02:19:26Z">
          <params>
            <param index="0">
              <value>
                <![CDATA[[TestResult name=Payment status=SUCCESS method=OnlineShoppingTest.Payment()[pri:4, instance:seleniumWebDriverProject.OnlineShoppingTest@4883b407] output={null}]]]>
              </value>
            </param>
          </params>
          <reporter-output>
          </reporter-output>
        </test-method> <!-- getResultAfterMethod -->
        <test-method status="PASS" signature="endReportAfterTest()[pri:0, instance:seleniumWebDriverProject.OnlineShoppingTest@4883b407]" name="endReportAfterTest" is-config="true" duration-ms="2819" started-at="2019-04-24T02:19:26Z" finished-at="2019-04-24T02:19:29Z">
          <reporter-output>
          </reporter-output>
        </test-method> <!-- endReportAfterTest -->
      </class> <!-- seleniumWebDriverProject.OnlineShoppingTest -->
    </test> <!-- Default test -->
  </suite> <!-- Default suite -->
</testng-results>
