<?xml version="1.0" encoding="UTF-8"?>
<!-- Generated by org.testng.reporters.JUnitXMLReporter -->
<testsuite hostname="BDC6-DX-3PR4N62" ignored="0" name="Default test" tests="4" failures="0" timestamp="24 Apr 2019 02:19:29 GMT" time="30.146" errors="0">
  <testcase name="testRegistration" time="2.313" classname="seleniumWebDriverProject.OnlineShoppingTest"/>
  <testcase name="Login" time="0.459" classname="seleniumWebDriverProject.OnlineShoppingTest"/>
  <testcase name="Cart" time="2.068" classname="seleniumWebDriverProject.OnlineShoppingTest"/>
  <testcase name="Payment" time="7.58" classname="seleniumWebDriverProject.OnlineShoppingTest"/>
</testsuite> <!-- Default test -->
